<?xml version="1.0" encoding="UTF-8"?><testsuite errors="0" failures="1" name="Prueba técnica – Automatización" skipped="0" tests="1" time="19.0" timestamp="2021-11-13 08:25:16"><testcase name="Manejo de selenium"><failure message="Expected mensaje enviado question&#10;Expected: is &lt;true&gt;&#10;     but: was &lt;false&gt;" type="java.lang.AssertionError">Expected mensaje enviado question
Expected: is &lt;true&gt;
     but: was &lt;false&gt;</failure><system-err>Expected mensaje enviado question
Expected: is &lt;true&gt;
     but: was &lt;false&gt;&#13;
com.co.jbustamante.stepdefinitions.MensajeMakersStep.antes_de_hacer_clic_en_el_boton_enviar_mensaje_tomar_un_pantallazo_con_la_informacion_diligenciada(MensajeMakersStep.java:64)&#13;
✽.antes de hacer clic en el boton "enviar mensaje" tomar un pantallazo con la informacion diligenciada(src/test/resources/features/mensaje_makers.feature:15)&#13;
</system-err></testcase></testsuite>